{"message":"Connected to DB","level":"info"}
{"message":"Connected to DB","level":"info"}
{"message":"Connected to DB","level":"info"}
{"message":"Connected to DB","level":"info"}
{"message":"Connected to DB","level":"info"}
{"message":"Connected to DB","level":"info"}
{"message":"Connected to DB","level":"info"}
{"message":"Connected to DB","level":"info"}
{"message":"Connected to DB","level":"info"}
{"message":"Connected to DB","level":"info"}
{"message":"Connected to DB","level":"info"}
{"message":"Connected to DB","level":"info"}
{"message":"Connected to DB","level":"info"}
{"message":"Connected to DB","level":"info"}
{"message":"Connected to DB","level":"info"}
{"message":"Connected to DB","level":"info"}
{"message":"Connected to DB","level":"info"}
{"level":"error","message":"[object Object] [object Object]","stack":"Error: [object Object]\n    at configInitialization (/Users/stas/www/octoopus/startup/config.js:6:11)\n    at Object.<anonymous> (/Users/stas/www/octoopus/index.js:10:28)\n    at Module._compile (node:internal/modules/cjs/loader:1102:14)\n    at Object.Module._extensions..js (node:internal/modules/cjs/loader:1131:10)\n    at Module.load (node:internal/modules/cjs/loader:967:32)\n    at Function.Module._load (node:internal/modules/cjs/loader:807:14)\n    at Function.executeUserEntryPoint [as runMain] (node:internal/modules/run_main:76:12)\n    at node:internal/main/run_main_module:17:47"}
{"message":"Connected to DB","level":"info"}
{"level":"error","message":"[object Object] [object Object]","stack":"Error: [object Object]\n    at configInitialization (/Users/stas/www/octoopus/startup/config.js:6:11)\n    at Object.<anonymous> (/Users/stas/www/octoopus/index.js:10:28)\n    at Module._compile (node:internal/modules/cjs/loader:1102:14)\n    at Object.Module._extensions..js (node:internal/modules/cjs/loader:1131:10)\n    at Module.load (node:internal/modules/cjs/loader:967:32)\n    at Function.Module._load (node:internal/modules/cjs/loader:807:14)\n    at Function.executeUserEntryPoint [as runMain] (node:internal/modules/run_main:76:12)\n    at node:internal/main/run_main_module:17:47"}
{"message":"Connected to DB","level":"info"}
{"level":"error","message":"[object Object] [object Object]","stack":"Error: [object Object]\n    at configInitialization (/Users/stas/www/octoopus/startup/config.js:6:11)\n    at Object.<anonymous> (/Users/stas/www/octoopus/index.js:10:28)\n    at Module._compile (node:internal/modules/cjs/loader:1102:14)\n    at Object.Module._extensions..js (node:internal/modules/cjs/loader:1131:10)\n    at Module.load (node:internal/modules/cjs/loader:967:32)\n    at Function.Module._load (node:internal/modules/cjs/loader:807:14)\n    at Function.executeUserEntryPoint [as runMain] (node:internal/modules/run_main:76:12)\n    at node:internal/main/run_main_module:17:47"}
{"message":"Connected to DB","level":"info"}
{"message":"Connected to DB","level":"info"}
{"message":"Connected to DB","level":"info"}
{"message":"Connected to DB","level":"info"}
{"message":"Connected to DB","level":"info"}
{"message":"Connected to DB","level":"info"}
{"message":"Connected to DB","level":"info"}
{"level":"error","message":"[object Object] [object Object]","stack":"Error: [object Object]\n    at configInitialization (/Users/stas/www/octoopus/startup/config.js:6:11)\n    at Object.<anonymous> (/Users/stas/www/octoopus/index.js:10:28)\n    at Module._compile (node:internal/modules/cjs/loader:1102:14)\n    at Object.Module._extensions..js (node:internal/modules/cjs/loader:1131:10)\n    at Module.load (node:internal/modules/cjs/loader:967:32)\n    at Function.Module._load (node:internal/modules/cjs/loader:807:14)\n    at Function.executeUserEntryPoint [as runMain] (node:internal/modules/run_main:76:12)\n    at node:internal/main/run_main_module:17:47"}
{"message":"Connected to DB","level":"info"}
{"level":"error","message":"FATAL ERROR: secure jwt key is not defined FATAL ERROR: secure jwt key is not defined","stack":"Error: FATAL ERROR: secure jwt key is not defined\n    at configInitialization (/Users/stas/www/octoopus/startup/config.js:6:11)\n    at Object.<anonymous> (/Users/stas/www/octoopus/index.js:10:28)\n    at Module._compile (node:internal/modules/cjs/loader:1102:14)\n    at Object.Module._extensions..js (node:internal/modules/cjs/loader:1131:10)\n    at Module.load (node:internal/modules/cjs/loader:967:32)\n    at Function.Module._load (node:internal/modules/cjs/loader:807:14)\n    at Function.executeUserEntryPoint [as runMain] (node:internal/modules/run_main:76:12)\n    at node:internal/main/run_main_module:17:47"}
{"message":"Connected to DB","level":"info"}
{"level":"error","message":"FATAL ERROR: secure jwt key is not defined FATAL ERROR: secure jwt key is not defined","stack":"Error: FATAL ERROR: secure jwt key is not defined\n    at configInitialization (/Users/stas/www/octoopus/startup/config.js:6:11)\n    at Object.<anonymous> (/Users/stas/www/octoopus/index.js:10:28)\n    at Module._compile (node:internal/modules/cjs/loader:1102:14)\n    at Object.Module._extensions..js (node:internal/modules/cjs/loader:1131:10)\n    at Module.load (node:internal/modules/cjs/loader:967:32)\n    at Function.Module._load (node:internal/modules/cjs/loader:807:14)\n    at Function.executeUserEntryPoint [as runMain] (node:internal/modules/run_main:76:12)\n    at node:internal/main/run_main_module:17:47"}
{"message":"Connected to DB","level":"info"}
{"level":"error","message":"FATAL ERROR: secure jwt key is not defined FATAL ERROR: secure jwt key is not defined","stack":"Error: FATAL ERROR: secure jwt key is not defined\n    at configInitialization (/Users/stas/www/octoopus/startup/config.js:6:11)\n    at Object.<anonymous> (/Users/stas/www/octoopus/index.js:10:28)\n    at Module._compile (node:internal/modules/cjs/loader:1102:14)\n    at Object.Module._extensions..js (node:internal/modules/cjs/loader:1131:10)\n    at Module.load (node:internal/modules/cjs/loader:967:32)\n    at Function.Module._load (node:internal/modules/cjs/loader:807:14)\n    at Function.executeUserEntryPoint [as runMain] (node:internal/modules/run_main:76:12)\n    at node:internal/main/run_main_module:17:47"}
{"message":"Connected to DB","level":"info"}
{"message":"Connected to DB","level":"info"}
{"message":"Connected to DB","level":"info"}
{"level":"error","message":"FATAL ERROR: secure jwt key is not defined FATAL ERROR: secure jwt key is not defined","stack":"Error: FATAL ERROR: secure jwt key is not defined\n    at configInitialization (/Users/stas/www/octoopus/startup/config.js:6:11)\n    at Object.<anonymous> (/Users/stas/www/octoopus/index.js:10:28)\n    at Module._compile (node:internal/modules/cjs/loader:1102:14)\n    at Object.Module._extensions..js (node:internal/modules/cjs/loader:1131:10)\n    at Module.load (node:internal/modules/cjs/loader:967:32)\n    at Function.Module._load (node:internal/modules/cjs/loader:807:14)\n    at Function.executeUserEntryPoint [as runMain] (node:internal/modules/run_main:76:12)\n    at node:internal/main/run_main_module:17:47"}
{"message":"Connected to mongodb://localhost/octopus","level":"info"}
{"level":"error","message":"FATAL ERROR: secure jwt key is not defined FATAL ERROR: secure jwt key is not defined","stack":"Error: FATAL ERROR: secure jwt key is not defined\n    at configInitialization (/Users/stas/www/octoopus/startup/config.js:6:11)\n    at Object.<anonymous> (/Users/stas/www/octoopus/index.js:10:28)\n    at Module._compile (node:internal/modules/cjs/loader:1102:14)\n    at Object.Module._extensions..js (node:internal/modules/cjs/loader:1131:10)\n    at Module.load (node:internal/modules/cjs/loader:967:32)\n    at Function.Module._load (node:internal/modules/cjs/loader:807:14)\n    at Function.executeUserEntryPoint [as runMain] (node:internal/modules/run_main:76:12)\n    at node:internal/main/run_main_module:17:47"}
{"message":"Connected to mongodb://localhost/octopus","level":"info"}
{"message":"Connected to mongodb://localhost/octopus","level":"info"}
{"message":"Connected to mongodb://localhost/octopus","level":"info"}
{"message":"Connected to mongodb://localhost/octopus_tests","level":"info"}
{"message":"Connected to mongodb://localhost/octopus","level":"info"}
{"level":"error","message":"FATAL ERROR: secure jwt key is not defined FATAL ERROR: secure jwt key is not defined","stack":"Error: FATAL ERROR: secure jwt key is not defined\n    at configInitialization (/Users/stas/www/octoopus/startup/config.js:6:11)\n    at Object.<anonymous> (/Users/stas/www/octoopus/index.js:10:28)\n    at Module._compile (node:internal/modules/cjs/loader:1102:14)\n    at Object.Module._extensions..js (node:internal/modules/cjs/loader:1131:10)\n    at Module.load (node:internal/modules/cjs/loader:967:32)\n    at Function.Module._load (node:internal/modules/cjs/loader:807:14)\n    at Function.executeUserEntryPoint [as runMain] (node:internal/modules/run_main:76:12)\n    at node:internal/main/run_main_module:17:47"}
{"message":"Connected to mongodb://localhost/octopus","level":"info"}
{"message":"Connected to mongodb://localhost/octopus","level":"info"}
{"message":"Connected to mongodb://localhost/octopus","level":"info"}
{"message":"Connected to mongodb://localhost/octopus","level":"info"}
{"message":"Connected to mongodb://localhost/octopus","level":"info"}
{"message":"Connected to mongodb://localhost/octopus","level":"info"}
{"message":"Connected to mongodb://localhost/octopus","level":"info"}
{"message":"Connected to mongodb://localhost/octopus_tests","level":"info"}
{"message":"Connected to mongodb://localhost/octopus_tests","level":"info"}
{"message":"Connected to mongodb://localhost/octopus","level":"info"}
{"message":"Connected to mongodb://localhost/octopus","level":"info"}
{"message":"Connected to mongodb://localhost/octopus","level":"info"}
{"message":"Connected to mongodb://localhost/octopus_tests","level":"info"}
{"message":"Connected to mongodb://localhost/octopus_tests","level":"info"}
{"message":"Connected to mongodb://localhost/octopus_tests","level":"info"}
{"message":"Connected to mongodb://localhost/octopus_tests","level":"info"}
{"message":"Connected to mongodb://localhost/octopus_tests","level":"info"}
{"message":"Connected to mongodb://localhost/octopus_tests","level":"info"}
{"message":"Connected to mongodb://localhost/octopus_tests","level":"info"}
{"message":"Connected to mongodb://localhost/octopus_tests","level":"info"}
{"message":"Connected to mongodb://localhost/octopus_tests","level":"info"}
{"message":"Connected to mongodb://localhost/octopus_tests","level":"info"}
{"message":"Connected to mongodb://localhost/octopus_tests","level":"info"}
{"message":"Connected to mongodb://localhost/octopus_tests","level":"info"}
{"message":"Connected to mongodb://localhost/octopus_tests","level":"info"}
{"message":"Connected to mongodb://localhost/octopus_tests","level":"info"}
{"message":"Connected to mongodb://localhost/octopus_tests","level":"info"}
{"message":"Connected to mongodb://localhost/octopus_tests","level":"info"}
{"message":"Connected to mongodb://localhost/octopus_tests","level":"info"}
{"message":"Connected to mongodb://localhost/octopus_tests","level":"info"}
{"message":"Connected to mongodb://localhost/octopus_tests","level":"info"}
{"message":"Connected to mongodb://localhost/octopus_tests","level":"info"}
{"message":"Connected to mongodb://localhost/octopus_tests","level":"info"}
{"message":"Connected to mongodb://localhost/octopus_tests","level":"info"}
{"message":"Cast to ObjectId failed for value \"1\" at path \"_id\" for model \"Genre\"","level":"error"}
{"message":"Connected to mongodb://localhost/octopus_tests","level":"info"}
{"message":"Cast to ObjectId failed for value \"1\" at path \"_id\" for model \"Genre\"","level":"error"}
{"message":"Connected to mongodb://localhost/octopus_tests","level":"info"}
{"message":"Cast to ObjectId failed for value \"1\" at path \"_id\" for model \"Genre\"","level":"error"}
{"message":"Connected to mongodb://localhost/octopus_tests","level":"info"}
{"message":"Cast to ObjectId failed for value \"1\" at path \"_id\" for model \"Genre\"","level":"error"}
{"message":"Connected to mongodb://localhost/octopus_tests","level":"info"}
{"message":"Cast to ObjectId failed for value \"1\" at path \"_id\" for model \"Genre\"","level":"error"}
{"message":"Connected to mongodb://localhost/octopus_tests","level":"info"}
{"message":"Connected to mongodb://localhost/octopus_tests","level":"info"}
{"message":"Connected to mongodb://localhost/octopus_tests","level":"info"}
{"message":"Connected to mongodb://localhost/octopus_tests","level":"info"}
{"message":"Connected to mongodb://localhost/octopus_tests","level":"info"}
{"message":"Connected to mongodb://localhost/octopus_tests","level":"info"}
{"message":"Connected to mongodb://localhost/octopus_tests","level":"info"}
{"message":"Connected to mongodb://localhost/octopus_tests","level":"info"}
{"message":"Connected to mongodb://localhost/octopus_tests","level":"info"}
{"message":"Connected to mongodb://localhost/octopus_tests","level":"info"}
{"message":"Connected to mongodb://localhost/octopus_tests","level":"info"}
{"message":"Connected to mongodb://localhost/octopus_tests","level":"info"}
{"message":"Connected to mongodb://localhost/octopus_tests","level":"info"}
{"message":"Connected to mongodb://localhost/octopus_tests","level":"info"}
{"message":"Connected to mongodb://localhost/octopus_tests","level":"info"}
{"message":"Connected to mongodb://localhost/octopus_tests","level":"info"}
{"message":"Connected to mongodb://localhost/octopus_tests","level":"info"}
{"message":"Connected to mongodb://localhost/octopus_tests","level":"info"}
{"message":"Connected to mongodb://localhost/octopus_tests","level":"info"}
{"message":"Connected to mongodb://localhost/octopus_tests","level":"info"}
{"message":"Connected to mongodb://localhost/octopus_tests","level":"info"}
{"message":"Connected to mongodb://localhost/octopus_tests","level":"info"}
{"message":"Connected to mongodb://localhost/octopus_tests","level":"info"}
{"message":"Connected to mongodb://localhost/octopus_tests","level":"info"}
{"message":"Connected to mongodb://localhost/octopus_tests","level":"info"}
{"message":"Connected to mongodb://localhost/octopus_tests","level":"info"}
{"message":"Connected to mongodb://localhost/octopus_tests","level":"info"}
{"message":"Connected to mongodb://localhost/octopus_tests","level":"info"}
{"message":"Connected to mongodb://localhost/octopus_tests","level":"info"}
{"message":"Connected to mongodb://localhost/octopus_tests","level":"info"}
{"message":"Connected to mongodb://localhost/octopus_tests","level":"info"}
{"message":"Connected to mongodb://localhost/octopus_tests","level":"info"}
{"message":"Connected to mongodb://localhost/octopus_tests","level":"info"}
{"message":"Connected to mongodb://localhost/octopus_tests","level":"info"}
{"message":"Connected to mongodb://localhost/octopus_tests","level":"info"}
{"message":"Connected to mongodb://localhost/octopus_tests","level":"info"}
{"message":"Connected to mongodb://localhost/octopus_tests","level":"info"}
{"message":"Connected to mongodb://localhost/octopus_tests","level":"info"}
{"message":"Connected to mongodb://localhost/octopus_tests","level":"info"}
{"message":"Connected to mongodb://localhost/octopus_tests","level":"info"}
{"message":"Connected to mongodb://localhost/octopus_tests","level":"info"}
{"message":"Connected to mongodb://localhost/octopus_tests","level":"info"}
{"message":"Connected to mongodb://localhost/octopus_tests","level":"info"}
{"message":"Connected to mongodb://localhost/octopus_tests","level":"info"}
{"message":"Genre validation failed: name: Path `name` (`1234`) is shorter than the minimum allowed length (5).","level":"error"}
{"message":"Connected to mongodb://localhost/octopus_tests","level":"info"}
{"message":"Connected to mongodb://localhost/octopus_tests","level":"info"}
{"message":"Connected to mongodb://localhost/octopus_tests","level":"info"}
{"message":"Connected to mongodb://localhost/octopus_tests","level":"info"}
{"message":"Connected to mongodb://localhost/octopus_tests","level":"info"}
{"message":"Genre validation failed: name: Path `name` (`1234`) is shorter than the minimum allowed length (5).","level":"error"}
{"message":"Connected to mongodb://localhost/octopus_tests","level":"info"}
{"message":"Connected to mongodb://localhost/octopus_tests","level":"info"}
{"message":"Connected to mongodb://localhost/octopus_tests","level":"info"}
{"message":"Connected to mongodb://localhost/octopus_tests","level":"info"}
{"message":"Connected to mongodb://localhost/octopus_tests","level":"info"}
{"message":"Connected to mongodb://localhost/octopus_tests","level":"info"}
{"message":"Connected to mongodb://localhost/octopus_tests","level":"info"}
{"message":"Genre validation failed: name: Path `name` (`aaaaaaaaaaaaaaaaaaaaaaaaaaaaaaaaaaaaaaaaaaaaaaaaaaa`) is longer than the maximum allowed length (50).","level":"error"}
{"message":"Connected to mongodb://localhost/octopus_tests","level":"info"}
{"message":"Connected to mongodb://localhost/octopus_tests","level":"info"}
{"message":"Connected to mongodb://localhost/octopus_tests","level":"info"}
{"message":"Connected to mongodb://localhost/octopus_tests","level":"info"}
{"message":"Connected to mongodb://localhost/octopus_tests","level":"info"}
{"message":"Connected to mongodb://localhost/octopus_tests","level":"info"}
{"message":"Connected to mongodb://localhost/octopus_tests","level":"info"}
{"message":"Connected to mongodb://localhost/octopus_tests","level":"info"}
{"message":"Connected to mongodb://localhost/octopus_tests","level":"info"}
{"message":"Connected to mongodb://localhost/octopus_tests","level":"info"}
{"message":"Connected to mongodb://localhost/octopus_tests","level":"info"}
{"message":"Connected to mongodb://localhost/octopus_tests","level":"info"}
{"message":"Connected to mongodb://localhost/octopus_tests","level":"info"}
{"message":"Connected to mongodb://localhost/octopus_tests","level":"info"}
{"message":"Connected to mongodb://localhost/octopus_tests","level":"info"}
{"message":"Connected to mongodb://localhost/octopus_tests","level":"info"}
{"message":"Connected to mongodb://localhost/octopus_tests","level":"info"}
{"message":"Connected to mongodb://localhost/octopus_tests","level":"info"}
{"message":"Connected to mongodb://localhost/octopus_tests","level":"info"}
{"message":"Connected to mongodb://localhost/octopus_tests","level":"info"}
{"message":"Connected to mongodb://localhost/octopus_tests","level":"info"}
{"message":"Connected to mongodb://localhost/octopus_tests","level":"info"}
{"message":"Connected to mongodb://localhost/octopus_tests","level":"info"}
{"message":"Connected to mongodb://localhost/octopus_tests","level":"info"}
{"message":"Connected to mongodb://localhost/octopus_tests","level":"info"}
{"message":"Connected to mongodb://localhost/octopus_tests","level":"info"}
{"message":"Connected to mongodb://localhost/octopus_tests","level":"info"}
{"message":"Connected to mongodb://localhost/octopus_tests","level":"info"}
{"message":"Connected to mongodb://localhost/octopus_tests","level":"info"}
{"message":"Connected to mongodb://localhost/octopus_tests","level":"info"}
{"message":"Connected to mongodb://localhost/octopus_tests","level":"info"}
{"message":"Connected to mongodb://localhost/octopus_tests","level":"info"}
{"message":"Connected to mongodb://localhost/octopus_tests","level":"info"}
{"message":"Connected to mongodb://localhost/octopus_tests","level":"info"}
{"message":"Connected to mongodb://localhost/octopus_tests","level":"info"}
{"message":"Connected to mongodb://localhost/octopus_tests","level":"info"}
{"message":"Connected to mongodb://localhost/octopus_tests","level":"info"}
{"message":"Connected to mongodb://localhost/octopus_tests","level":"info"}
{"message":"Connected to mongodb://localhost/octopus_tests","level":"info"}
{"message":"Connected to mongodb://localhost/octopus_tests","level":"info"}
{"message":"Connected to mongodb://localhost/octopus_tests","level":"info"}
{"message":"Connected to mongodb://localhost/octopus_tests","level":"info"}
{"message":"Connected to mongodb://localhost/octopus_tests","level":"info"}
{"message":"Connected to mongodb://localhost/octopus_tests","level":"info"}
{"message":"Connected to mongodb://localhost/octopus_tests","level":"info"}
{"message":"Connected to mongodb://localhost/octopus_tests","level":"info"}
{"message":"Genre validation failed: name: Path `name` (`aaaaaaaaaaaaaaaaaaaaaaaaaaaaaaaaaaaaaaaaaaaaaaaaaaa`) is longer than the maximum allowed length (50).","level":"error"}
{"message":"Connected to mongodb://localhost/octopus_tests","level":"info"}
{"message":"Connected to mongodb://localhost/octopus_tests","level":"info"}
{"message":"Connected to mongodb://localhost/octopus_tests","level":"info"}
{"message":"Connected to mongodb://localhost/octopus_tests","level":"info"}
{"message":"Connected to mongodb://localhost/octopus_tests","level":"info"}
{"message":"Connected to mongodb://localhost/octopus_tests","level":"info"}
{"message":"Connected to mongodb://localhost/octopus_tests","level":"info"}
{"level":"error","message":"Right-hand side of 'instanceof' is not callable Right-hand side of 'instanceof' is not callable","stack":"TypeError: Right-hand side of 'instanceof' is not callable\n    at new ReadableState (/Users/stas/www/octoopus/node_modules/readable-stream/lib/_stream_readable.js:111:25)\n    at BufferList.Readable (/Users/stas/www/octoopus/node_modules/readable-stream/lib/_stream_readable.js:183:25)\n    at BufferList.Duplex (/Users/stas/www/octoopus/node_modules/readable-stream/lib/_stream_duplex.js:67:12)\n    at new BufferList (/Users/stas/www/octoopus/node_modules/bl/bl.js:33:16)\n    at new MessageStream (/Users/stas/www/octoopus/node_modules/mongodb/lib/cmap/message_stream.js:35:21)\n    at new Connection (/Users/stas/www/octoopus/node_modules/mongodb/lib/cmap/connection.js:54:28)\n    at /Users/stas/www/octoopus/node_modules/mongodb/lib/core/connection/connect.js:36:29\n    at callback (/Users/stas/www/octoopus/node_modules/mongodb/lib/core/connection/connect.js:280:5)\n    at Socket.connectHandler (/Users/stas/www/octoopus/node_modules/mongodb/lib/core/connection/connect.js:325:5)\n    at Object.onceWrapper (node:events:482:28)\n    at Socket.emit (node:events:376:20)\n    at TCPConnectWrap.afterConnect [as oncomplete] (node:net:1119:10)"}
{"level":"error","message":"Right-hand side of 'instanceof' is not callable Right-hand side of 'instanceof' is not callable","stack":"TypeError: Right-hand side of 'instanceof' is not callable\n    at new ReadableState (/Users/stas/www/octoopus/node_modules/readable-stream/lib/_stream_readable.js:111:25)\n    at BufferList.Readable (/Users/stas/www/octoopus/node_modules/readable-stream/lib/_stream_readable.js:183:25)\n    at BufferList.Duplex (/Users/stas/www/octoopus/node_modules/readable-stream/lib/_stream_duplex.js:67:12)\n    at new BufferList (/Users/stas/www/octoopus/node_modules/bl/bl.js:33:16)\n    at new MessageStream (/Users/stas/www/octoopus/node_modules/mongodb/lib/cmap/message_stream.js:35:21)\n    at new Connection (/Users/stas/www/octoopus/node_modules/mongodb/lib/cmap/connection.js:54:28)\n    at /Users/stas/www/octoopus/node_modules/mongodb/lib/core/connection/connect.js:36:29\n    at callback (/Users/stas/www/octoopus/node_modules/mongodb/lib/core/connection/connect.js:280:5)\n    at Socket.connectHandler (/Users/stas/www/octoopus/node_modules/mongodb/lib/core/connection/connect.js:325:5)\n    at Object.onceWrapper (node:events:482:28)\n    at Socket.emit (node:events:376:20)\n    at TCPConnectWrap.afterConnect [as oncomplete] (node:net:1119:10)"}
{"message":"Connected to mongodb://localhost/octopus_tests","level":"info"}
{"message":"Connected to mongodb://localhost/octopus_tests","level":"info"}
{"message":"Connected to mongodb://localhost/octopus_tests","level":"info"}
{"message":"Connected to mongodb://localhost/octopus_tests","level":"info"}
{"message":"Connected to mongodb://localhost/octopus_tests","level":"info"}
{"message":"Connected to mongodb://localhost/octopus_tests","level":"info"}
{"message":"Connected to mongodb://localhost/octopus_tests","level":"info"}
{"message":"Connected to mongodb://localhost/octopus_tests","level":"info"}
{"message":"Connected to mongodb://localhost/octopus_tests","level":"info"}
{"message":"Connected to mongodb://localhost/octopus_tests","level":"info"}
{"message":"Connected to mongodb://localhost/octopus_tests","level":"info"}
{"message":"Connected to mongodb://localhost/octopus_tests","level":"info"}
{"message":"Connected to mongodb://localhost/octopus_tests","level":"info"}
{"message":"Connected to mongodb://localhost/octopus_tests","level":"info"}
{"message":"Connected to mongodb://localhost/octopus_tests","level":"info"}
{"message":"Connected to mongodb://localhost/octopus_tests","level":"info"}
{"message":"Connected to mongodb://localhost/octopus_tests","level":"info"}
{"message":"Connected to mongodb://localhost/octopus_tests","level":"info"}
{"message":"Connected to mongodb://localhost/octopus_tests","level":"info"}
{"message":"Connected to mongodb://localhost/octopus_tests","level":"info"}
{"message":"Connected to mongodb://localhost/octopus_tests","level":"info"}
{"message":"Connected to mongodb://localhost/octopus_tests","level":"info"}
{"message":"Connected to mongodb://localhost/octopus_tests","level":"info"}
{"message":"Connected to mongodb://localhost/octopus_tests","level":"info"}
{"message":"Connected to mongodb://localhost/octopus_tests","level":"info"}
{"message":"Connected to mongodb://localhost/octopus_tests","level":"info"}
{"message":"Connected to mongodb://localhost/octopus_tests","level":"info"}
{"message":"Connected to mongodb://localhost/octopus_tests","level":"info"}
{"message":"Connected to mongodb://localhost/octopus_tests","level":"info"}
{"message":"Connected to mongodb://localhost/octopus_tests","level":"info"}
{"message":"Connected to mongodb://localhost/octopus_tests","level":"info"}
{"message":"Connected to mongodb://localhost/octopus_tests","level":"info"}
{"message":"Connected to mongodb://localhost/octopus_tests","level":"info"}
{"message":"Connected to mongodb://localhost/octopus_tests","level":"info"}
{"message":"Connected to mongodb://localhost/octopus_tests","level":"info"}
{"message":"Connected to mongodb://localhost/octopus_tests","level":"info"}
{"message":"Connected to mongodb://localhost/octopus_tests","level":"info"}
{"message":"Connected to mongodb://localhost/octopus_tests","level":"info"}
{"message":"Connected to mongodb://localhost/octopus_tests","level":"info"}
{"message":"Connected to mongodb://localhost/octopus_tests","level":"info"}
{"message":"Connected to mongodb://localhost/octopus_tests","level":"info"}
{"message":"Connected to mongodb://localhost/octopus_tests","level":"info"}
{"message":"Connected to mongodb://localhost/octopus_tests","level":"info"}
{"message":"Connected to mongodb://localhost/octopus_tests","level":"info"}
{"message":"Connected to mongodb://localhost/octopus_tests","level":"info"}
{"message":"Connected to mongodb://localhost/octopus_tests","level":"info"}
{"message":"Connected to mongodb://localhost/octopus_tests","level":"info"}
{"message":"Connected to mongodb://localhost/octopus_tests","level":"info"}
{"message":"Connected to mongodb://localhost/octopus_tests","level":"info"}
{"message":"Connected to mongodb://localhost/octopus_tests","level":"info"}
{"message":"Connected to mongodb://localhost/octopus_tests","level":"info"}
{"message":"Connected to mongodb://localhost/octopus_tests","level":"info"}
{"message":"Connected to mongodb://localhost/octopus_tests","level":"info"}
{"message":"Connected to mongodb://localhost/octopus_tests","level":"info"}
{"message":"Connected to mongodb://localhost/octopus_tests","level":"info"}
{"message":"Connected to mongodb://localhost/octopus_tests","level":"info"}
{"message":"Connected to mongodb://localhost/octopus_tests","level":"info"}
{"message":"Connected to mongodb://localhost/octopus_tests","level":"info"}
{"message":"Connected to mongodb://localhost/octopus_tests","level":"info"}
{"message":"Connected to mongodb://localhost/octopus_tests","level":"info"}
{"message":"Connected to mongodb://localhost/octopus_tests","level":"info"}
{"message":"Connected to mongodb://localhost/octopus_tests","level":"info"}
{"message":"Connected to mongodb://localhost/octopus_tests","level":"info"}
{"message":"Connected to mongodb://localhost/octopus_tests","level":"info"}
{"message":"Connected to mongodb://localhost/octopus_tests","level":"info"}
{"message":"Connected to mongodb://localhost/octopus_tests","level":"info"}
{"message":"Connected to mongodb://localhost/octopus_tests","level":"info"}
{"message":"Connected to mongodb://localhost/octopus_tests","level":"info"}
{"message":"Connected to mongodb://localhost/octopus_tests","level":"info"}
{"message":"Connected to mongodb://localhost/octopus_tests","level":"info"}
{"message":"Connected to mongodb://localhost/octopus_tests","level":"info"}
{"message":"Connected to mongodb://localhost/octopus_tests","level":"info"}
{"message":"Connected to mongodb://localhost/octopus_tests","level":"info"}
{"message":"Connected to mongodb://localhost/octopus_tests","level":"info"}
{"message":"Connected to mongodb://localhost/octopus_tests","level":"info"}
{"message":"Connected to mongodb://localhost/octopus_tests","level":"info"}
{"message":"Connected to mongodb://localhost/octopus_tests","level":"info"}
{"message":"Connected to mongodb://localhost/octopus_tests","level":"info"}
{"message":"Connected to mongodb://localhost/octopus_tests","level":"info"}
{"message":"Connected to mongodb://localhost/octopus_tests","level":"info"}
{"message":"Connected to mongodb://localhost/octopus_tests","level":"info"}
{"message":"Connected to mongodb://localhost/octopus_tests","level":"info"}
{"message":"Connected to mongodb://localhost/octopus_tests","level":"info"}
{"message":"Connected to mongodb://localhost/octopus_tests","level":"info"}
{"message":"Connected to mongodb://localhost/octopus_tests","level":"info"}
{"message":"Connected to mongodb://localhost/octopus_tests","level":"info"}
{"message":"Connected to mongodb://localhost/octopus_tests","level":"info"}
{"message":"Connected to mongodb://localhost/octopus_tests","level":"info"}
{"message":"Connected to mongodb://localhost/octopus_tests","level":"info"}
{"message":"Connected to mongodb://localhost/octopus_tests","level":"info"}
{"message":"Connected to mongodb://localhost/octopus_tests","level":"info"}
{"message":"Connected to mongodb://localhost/octopus_tests","level":"info"}
{"message":"Connected to mongodb://localhost/octopus_tests","level":"info"}
{"message":"Connected to mongodb://localhost/octopus_tests","level":"info"}
{"message":"Connected to mongodb://localhost/octopus_tests","level":"info"}
{"message":"Connected to mongodb://localhost/octopus_tests","level":"info"}
{"message":"Connected to mongodb://localhost/octopus_tests","level":"info"}
{"message":"Connected to mongodb://localhost/octopus_tests","level":"info"}
{"message":"Connected to mongodb://localhost/octopus_tests","level":"info"}
{"message":"Connected to mongodb://localhost/octopus_tests","level":"info"}
{"message":"Connected to mongodb://localhost/octopus_tests","level":"info"}
{"message":"Connected to mongodb://localhost/octopus_tests","level":"info"}
{"message":"Connected to mongodb://localhost/octopus_tests","level":"info"}
{"message":"Connected to mongodb://localhost/octopus_tests","level":"info"}
{"message":"Connected to mongodb://localhost/octopus_tests","level":"info"}
{"message":"Connected to mongodb://localhost/octopus_tests","level":"info"}
{"message":"Connected to mongodb://localhost/octopus_tests","level":"info"}
{"message":"Connected to mongodb://localhost/octopus_tests","level":"info"}
{"message":"Connected to mongodb://localhost/octopus_tests","level":"info"}
{"message":"Connected to mongodb://localhost/octopus_tests","level":"info"}
{"message":"Connected to mongodb://localhost/octopus_tests","level":"info"}
{"message":"Connected to mongodb://localhost/octopus_tests","level":"info"}
{"message":"Connected to mongodb://localhost/octopus_tests","level":"info"}
{"message":"Connected to mongodb://localhost/octopus_tests","level":"info"}
{"message":"Connected to mongodb://localhost/octopus_tests","level":"info"}
{"message":"Connected to mongodb://localhost/octopus_tests","level":"info"}
{"message":"Connected to mongodb://localhost/octopus_tests","level":"info"}
{"message":"Connected to mongodb://localhost/octopus_tests","level":"info"}
{"message":"Connected to mongodb://localhost/octopus_tests","level":"info"}
{"message":"Connected to mongodb://localhost/octopus_tests","level":"info"}
{"message":"Connected to mongodb://localhost/octopus_tests","level":"info"}
{"message":"Connected to mongodb://localhost/octopus_tests","level":"info"}
{"message":"Connected to mongodb://localhost/octopus_tests","level":"info"}
{"message":"Connected to mongodb://localhost/octopus_tests","level":"info"}
{"message":"Connected to mongodb://localhost/octopus_tests","level":"info"}
{"message":"Connected to mongodb://localhost/octopus_tests","level":"info"}
{"message":"Connected to mongodb://localhost/octopus_tests","level":"info"}
{"message":"Connected to mongodb://localhost/octopus_tests","level":"info"}
{"message":"Connected to mongodb://localhost/octopus_tests","level":"info"}
{"message":"Connected to mongodb://localhost/octopus_tests","level":"info"}
{"message":"Connected to mongodb://localhost/octopus_tests","level":"info"}
{"message":"Connected to mongodb://localhost/octopus_tests","level":"info"}
{"message":"Connected to mongodb://localhost/octopus_tests","level":"info"}
{"message":"Connected to mongodb://localhost/octopus_tests","level":"info"}
{"message":"Connected to mongodb://localhost/octopus_tests","level":"info"}
{"message":"Connected to mongodb://localhost/octopus_tests","level":"info"}
{"message":"Connected to mongodb://localhost/octopus_tests","level":"info"}
{"message":"Connected to mongodb://localhost/octopus_tests","level":"info"}
{"message":"Connected to mongodb://localhost/octopus_tests","level":"info"}
{"message":"Connected to mongodb://localhost/octopus_tests","level":"info"}
{"message":"Connected to mongodb://localhost/octopus_tests","level":"info"}
{"message":"Connected to mongodb://localhost/octopus_tests","level":"info"}
{"message":"Connected to mongodb://localhost/octopus_tests","level":"info"}
{"message":"Connected to mongodb://localhost/octopus_tests","level":"info"}
{"message":"Connected to mongodb://localhost/octopus_tests","level":"info"}
{"message":"Connected to mongodb://localhost/octopus_tests","level":"info"}
{"message":"Connected to mongodb://localhost/octopus_tests","level":"info"}
{"message":"Connected to mongodb://localhost/octopus_tests","level":"info"}
{"message":"Connected to mongodb://localhost/octopus_tests","level":"info"}
{"message":"Connected to mongodb://localhost/octopus_tests","level":"info"}
{"message":"Connected to mongodb://localhost/octopus_tests","level":"info"}
{"message":"Connected to mongodb://localhost/octopus_tests","level":"info"}
{"message":"Connected to mongodb://localhost/octopus_tests","level":"info"}
{"message":"Connected to mongodb://localhost/octopus_tests","level":"info"}
{"message":"Connected to mongodb://localhost/octopus_tests","level":"info"}
{"message":"Connected to mongodb://localhost/octopus_tests","level":"info"}
{"message":"Connected to mongodb://localhost/octopus_tests","level":"info"}
{"message":"Connected to mongodb://localhost/octopus_tests","level":"info"}
{"message":"Connected to mongodb://localhost/octopus_tests","level":"info"}
{"message":"Connected to mongodb://localhost/octopus_tests","level":"info"}
{"message":"Connected to mongodb://localhost/octopus_tests","level":"info"}
{"message":"Connected to mongodb://localhost/octopus_tests","level":"info"}
{"message":"Connected to mongodb://localhost/octopus_tests","level":"info"}
{"message":"Connected to mongodb://localhost/octopus_tests","level":"info"}
{"message":"Connected to mongodb://localhost/octopus_tests","level":"info"}
{"message":"Connected to mongodb://localhost/octopus_tests","level":"info"}
{"message":"Connected to mongodb://localhost/octopus_tests","level":"info"}
{"message":"Connected to mongodb://localhost/octopus_tests","level":"info"}
{"message":"Connected to mongodb://localhost/octopus_tests","level":"info"}
{"message":"Connected to mongodb://localhost/octopus_tests","level":"info"}
{"message":"Connected to mongodb://localhost/octopus_tests","level":"info"}
{"message":"Connected to mongodb://localhost/octopus_tests","level":"info"}
{"message":"Connected to mongodb://localhost/octopus_tests","level":"info"}
{"message":"Connected to mongodb://localhost/octopus_tests","level":"info"}
{"message":"Connected to mongodb://localhost/octopus_tests","level":"info"}
{"message":"Connected to mongodb://localhost/octopus_tests","level":"info"}
{"message":"Connected to mongodb://localhost/octopus_tests","level":"info"}
{"message":"Connected to mongodb://localhost/octopus_tests","level":"info"}
{"message":"Connected to mongodb://localhost/octopus_tests","level":"info"}
{"message":"Connected to mongodb://localhost/octopus_tests","level":"info"}
{"message":"Connected to mongodb://localhost/octopus_tests","level":"info"}
{"message":"Connected to mongodb://localhost/octopus_tests","level":"info"}
{"message":"Connected to mongodb://localhost/octopus_tests","level":"info"}
{"message":"Connected to mongodb://localhost/octopus_tests","level":"info"}
{"message":"Connected to mongodb://localhost/octopus_tests","level":"info"}
{"message":"Connected to mongodb://localhost/octopus_tests","level":"info"}
{"message":"Connected to mongodb://localhost/octopus_tests","level":"info"}
{"message":"Connected to mongodb://localhost/octopus_tests","level":"info"}
{"message":"Connected to mongodb://localhost/octopus_tests","level":"info"}
{"message":"Connected to mongodb://localhost/octopus_tests","level":"info"}
{"message":"Connected to mongodb://localhost/octopus_tests","level":"info"}
{"message":"Connected to mongodb://localhost/octopus_tests","level":"info"}
{"message":"Connected to mongodb://localhost/octopus_tests","level":"info"}
{"message":"Connected to mongodb://localhost/octopus_tests","level":"info"}
{"message":"Connected to mongodb://localhost/octopus_tests","level":"info"}
{"message":"Connected to mongodb://localhost/octopus_tests","level":"info"}
{"message":"Connected to mongodb://localhost/octopus_tests","level":"info"}
{"message":"Connected to mongodb://localhost/octopus_tests","level":"info"}
{"message":"Connected to mongodb://localhost/octopus_tests","level":"info"}
{"message":"Connected to mongodb://localhost/octopus_tests","level":"info"}
{"message":"Connected to mongodb://localhost/octopus_tests","level":"info"}
{"message":"Connected to mongodb://localhost/octopus_tests","level":"info"}
{"message":"Connected to mongodb://localhost/octopus_tests","level":"info"}
{"message":"Connected to mongodb://localhost/octopus_tests","level":"info"}
{"message":"Connected to mongodb://localhost/octopus_tests","level":"info"}
{"message":"Connected to mongodb://localhost/octopus_tests","level":"info"}
{"message":"Connected to mongodb://localhost/octopus_tests","level":"info"}
{"message":"Connected to mongodb://localhost/octopus_tests","level":"info"}
{"message":"Connected to mongodb://localhost/octopus_tests","level":"info"}
{"message":"Connected to mongodb://localhost/octopus_tests","level":"info"}
{"message":"Connected to mongodb://localhost/octopus_tests","level":"info"}
{"message":"Connected to mongodb://localhost/octopus_tests","level":"info"}
{"message":"Connected to mongodb://localhost/octopus_tests","level":"info"}
{"message":"Connected to mongodb://localhost/octopus_tests","level":"info"}
{"message":"Connected to mongodb://localhost/octopus_tests","level":"info"}
{"message":"Connected to mongodb://localhost/octopus_tests","level":"info"}
{"message":"Connected to mongodb://localhost/octopus_tests","level":"info"}
{"message":"Connected to mongodb://localhost/octopus_tests","level":"info"}
{"message":"Connected to mongodb://localhost/octopus_tests","level":"info"}
{"message":"Connected to mongodb://localhost/octopus_tests","level":"info"}
{"message":"Connected to mongodb://localhost/octopus_tests","level":"info"}
{"message":"Connected to mongodb://localhost/octopus_tests","level":"info"}
{"message":"Connected to mongodb://localhost/octopus_tests","level":"info"}
{"message":"Connected to mongodb://localhost/octopus_tests","level":"info"}
{"message":"Connected to mongodb://localhost/octopus_tests","level":"info"}
{"message":"Connected to mongodb://localhost/octopus_tests","level":"info"}
